  CHK     include/linux/version.h
  HOSTCC  scripts/basic/fixdep
  CHK     include/generated/utsrelease.h
  HOSTCC  scripts/dtc/checks.o
  HOSTCC  scripts/dtc/data.o
  CC      scripts/mod/empty.o
make[1]: `include/generated/mach-types.h' is up to date.
  HOSTCC  scripts/mod/mk_elfconfig
  CC      kernel/bounds.s
  HOSTCC  scripts/dtc/dtc-lexer.lex.o
  GEN     include/generated/bounds.h
  HOSTCC  scripts/selinux/genheaders/genheaders
  CC      arch/arm/kernel/asm-offsets.s
  MKELF   scripts/mod/elfconfig.h
  HOSTCC  scripts/mod/file2alias.o
  HOSTCC  scripts/selinux/mdp/mdp
  GEN     include/generated/asm-offsets.h
  CALL    scripts/checksyscalls.sh
  HOSTCC  scripts/dtc/dtc-parser.tab.o
  HOSTCC  scripts/dtc/dtc.o
  HOSTCC  scripts/kallsyms
  HOSTCC  scripts/dtc/flattree.o
  HOSTCC  scripts/dtc/fstree.o
  HOSTCC  scripts/mod/modpost.o
  HOSTCC  scripts/bin2c
  HOSTCC  scripts/dtc/livetree.o
  HOSTCC  scripts/recordmcount
  HOSTCC  scripts/dtc/srcpos.o
  HOSTCC  scripts/mod/sumversion.o
  HOSTCC  scripts/dtc/treesource.o
  HOSTCC  scripts/dtc/util.o
  HOSTLD  scripts/mod/modpost
  HOSTLD  scripts/dtc/dtc
  CC      init/main.o
  CHK     include/generated/compile.h
  HOSTCC  usr/gen_init_cpio
  CC      arch/arm/vfp/vfpmodule.o
  CC      init/do_mounts.o
  CC      arch/arm/kernel/elf.o
  GEN     usr/initramfs_data.cpio
  AS      usr/initramfs_data.o
  AS      arch/arm/vfp/entry.o
  LD      usr/built-in.o
  AS      arch/arm/vfp/vfphw.o
  CC      arch/arm/mm/dma-mapping.o
  AS      arch/arm/kernel/entry-armv.o
  CC      arch/arm/vfp/vfpsingle.o
  AS      arch/arm/kernel/entry-common.o
  CC      arch/arm/kernel/irq.o
  CC      init/do_mounts_initrd.o
  CC      init/initramfs.o
  CC      arch/arm/kernel/opcodes.o
  CC      init/calibrate.o
  CC      arch/arm/kernel/process.o
  CC      arch/arm/kernel/ptrace.o
  CC      arch/arm/vfp/vfpdouble.o
  CC      init/version.o
  LD      init/mounts.o
  LD      init/built-in.o
  CC      arch/arm/kernel/return_address.o
  CC      arch/arm/common/gic.o
  CC      arch/arm/kernel/sched_clock.o
  CC      arch/arm/kernel/setup.o
  CC      arch/arm/mm/extable.o
  CC      arch/arm/mm/fault.o
  CC      arch/arm/kernel/signal.o
  LD      arch/arm/vfp/vfp.o
  LD      arch/arm/vfp/built-in.o
  LD      arch/arm/net/built-in.o
  LD      arch/arm/common/built-in.o
  CC      arch/arm/mach-tegra/tegra_rst_reason.o
  CC      kernel/fork.o
  CC      arch/arm/kernel/stacktrace.o
  CC      arch/arm/mach-tegra/board-pinmux.o
  CC      arch/arm/kernel/sys_arm.o
  CC      arch/arm/mm/init.o
  CC      arch/arm/mach-tegra/ahb.o
  CC      arch/arm/kernel/time.o
  CC      arch/arm/kernel/traps.o
  CC      arch/arm/mach-tegra/common.o
  CC      arch/arm/kernel/cpuidle.o
  CC      arch/arm/mm/iomap.o
  CC      arch/arm/kernel/fiq.o
  AS      arch/arm/kernel/fiqasm.o
  CC      arch/arm/mm/fault-armv.o
  CC      arch/arm/kernel/armksyms.o
  CC      arch/arm/kernel/module.o
  CC      arch/arm/mm/flush.o
  CC      kernel/exec_domain.o
  CC      kernel/panic.o
  CC      arch/arm/kernel/corenpdrq.o
  CC      arch/arm/mach-tegra/devices.o
  CC      kernel/printk.o
  CC      kernel/cpu.o
  CC      arch/arm/mm/idmap.o
  CC      arch/arm/kernel/bios32.o
  CC      arch/arm/mm/ioremap.o
  CC      arch/arm/mm/mmap.o
  CC      arch/arm/mach-tegra/board-info.o
  CC      kernel/exit.o
  CC      arch/arm/kernel/isa.o
  AS      arch/arm/kernel/sleep.o
  CC      arch/arm/mm/pgd.o
  CC      arch/arm/mach-tegra/io.o
  CC      arch/arm/kernel/suspend.o
  CC      arch/arm/mach-tegra/irq.o
  CC      kernel/itimer.o
  CC      arch/arm/kernel/smp.o
  CC      arch/arm/mm/mmu.o
  CC      arch/arm/mach-tegra/clock.o
  TIMEC   kernel/timeconst.h
  CC      kernel/softirq.o
  CC      arch/arm/kernel/smp_tlb.o
  CC      kernel/resource.o
  CC      arch/arm/mm/vmregion.o
  CC      arch/arm/kernel/smp_scu.o
  CC      arch/arm/mm/pageattr.o
  CC      arch/arm/kernel/ftrace.o
  CC      kernel/sysctl.o
  CC      arch/arm/mach-tegra/timer.o
  CC      kernel/sysctl_binary.o
  CC      arch/arm/kernel/insn.o
  CC      arch/arm/mm/proc-syms.o
  CC      arch/arm/kernel/unwind.o
  CC      arch/arm/mach-tegra/timerinfo.o
  CC      kernel/capability.o
  CC      arch/arm/mach-tegra/mipi-cal.o
  CC      arch/arm/mm/alignment.o
  CC      arch/arm/kernel/devtree.o
  CC      arch/arm/mach-tegra/common-t3.o
  CC      kernel/ptrace.o
  CC      arch/arm/kernel/swp_emulate.o
  CC      arch/arm/kernel/hw_breakpoint.o
  CC      arch/arm/mach-tegra/pm-t3.o
  CC      arch/arm/mm/highmem.o
  CC      arch/arm/kernel/pmu.o
  CC      kernel/timer.o
  AS      arch/arm/mm/abort-ev7.o
  CC      arch/arm/kernel/perf_event.o
  AS      arch/arm/mm/pabort-v7.o
  AS      arch/arm/mm/cache-v7.o
  CC      arch/arm/mm/copypage-v6.o
  CC      arch/arm/mm/context.o
  AS      arch/arm/mach-tegra/sleep-t3.o
  CC      arch/arm/mach-tegra/clocks_stats.o
  AS      arch/arm/mm/tlb-v7.o
  AS      arch/arm/mm/proc-v7.o
  CC      arch/arm/mm/cache-l2x0.o
  CC      arch/arm/mach-tegra/timer-t3.o
  CC      arch/arm/mach-tegra/tegra_core_volt_cap.o
  CC      arch/arm/mach-tegra/wakeups-t14x.o
  LD      arch/arm/mm/built-in.o
  CC      arch/arm/kernel/topology.o
  CC      mm/filemap.o
  CC      mm/mempool.o
  CC      arch/arm/mach-tegra/cpuidle-t14x.o
  CC      arch/arm/kernel/io.o
  CC      mm/oom_kill.o
  AS      arch/arm/kernel/head.o
  CC      kernel/user.o
  CC      arch/arm/kernel/init_task.o
  CC      kernel/signal.o
  CC      arch/arm/mach-tegra/pinmux.o
  CC      mm/fadvise.o
  LDS     arch/arm/kernel/vmlinux.lds
  LD      arch/arm/kernel/built-in.o
  CC      fs/open.o
  CC      mm/maccess.o
  CC      mm/page_alloc.o
  AS      arch/arm/mach-tegra/delay.o
  CC      mm/page-writeback.o
  CC      arch/arm/mach-tegra/pm.o
  CC      fs/read_write.o
  CC      kernel/sys.o
  CC      arch/arm/mach-tegra/pm-irq.o
  CC      fs/file_table.o
  CC      arch/arm/mach-tegra/gic.o
  AS      arch/arm/mach-tegra/sleep.o
  CC      kernel/kmod.o
  CC      mm/readahead.o
  CC      mm/swap.o
  CC      arch/arm/mach-tegra/tegra_fuse.o
  CC      fs/super.o
  CC      kernel/workqueue.o
  CC      mm/truncate.o
  CC      mm/vmscan.o
  CC      arch/arm/mach-tegra/kfuse.o
  CC      arch/arm/mach-tegra/csi.o
  CC      fs/char_dev.o
  CC      mm/shmem.o
  CC      arch/arm/mach-tegra/mc.o
  CC      arch/arm/mach-tegra/xusb.o
  CC      arch/arm/mach-tegra/usb_phy.o
  CC      fs/stat.o
  CC      arch/arm/mach-tegra/tegra_usb_pmc.o
  CC      fs/exec.o
  CC      kernel/pid.o
  CC      arch/arm/mach-tegra/tegra_usb_pad_ctrl.o
  CC      arch/arm/mach-tegra/tegra11x_usb_phy.o
  CC      arch/arm/mach-tegra/fiq.o
  CC      arch/arm/mach-tegra/pwm.o
  CC      kernel/rcupdate.o
  CC      mm/prio_tree.o
  CC      arch/arm/mach-tegra/powergate.o
  CC      mm/util.o
  CC      fs/pipe.o
  CC      kernel/extable.o
  CC      arch/arm/mach-tegra/powergate-ops-txx.o
  CC      kernel/params.o
  CC      arch/arm/mach-tegra/powergate-ops-t1xx.o
  CC      arch/arm/mach-tegra/powergate-t14x.o
  CC      arch/arm/mach-tegra/pm_domains.o
  CC      mm/mmzone.o
  CC      fs/namei.o
  CC      mm/vmstat.o
  CC      arch/arm/mach-tegra/dvfs.o
  CC      mm/backing-dev.o
  CC      kernel/posix-timers.o
  CC      arch/arm/mach-tegra/tegra14_dvfs.o
  CC      mm/page_isolation.o
  CC      kernel/kthread.o
  CC      mm/mm_init.o
  CC      kernel/wait.o
  CC      mm/mmu_context.o
  CC      arch/arm/mach-tegra/tegra_emc_therm.o
  CC      mm/percpu.o
  CC      kernel/kfifo.o
  CC      kernel/sys_ni.o
  CC      kernel/posix-cpu-timers.o
  CC      arch/arm/mach-tegra/latency_allowance.o
  CC      kernel/mutex.o
  CC      fs/fcntl.o
  CC      arch/arm/mach-tegra/tegra3_la.o
  CC      kernel/hrtimer.o
  CC      arch/arm/mach-tegra/tegra11x_la.o
  CC      kernel/rwsem.o
  CC      mm/compaction.o
  CC      fs/ioctl.o
  CC      kernel/nsproxy.o
  CC      arch/arm/mach-tegra/tegra14x_la.o
  CC      mm/fremap.o
  CC      fs/readdir.o
  CC      kernel/srcu.o
  CC      kernel/semaphore.o
  CC      mm/highmem.o
  CC      arch/arm/mach-tegra/edp.o
  CC      kernel/notifier.o
  CC      kernel/ksysfs.o
  CC      fs/select.o
  CC      kernel/cred.o
  CC      arch/arm/mach-tegra/edp_core.o
  CC      mm/madvise.o
  CC      arch/arm/mach-tegra/tegra14_edp.o
  CC      kernel/async.o
  CC      mm/memory.o
  CC      fs/fifo.o
  CC      arch/arm/mach-tegra/tegra14_speedo.o
  CC      arch/arm/mach-tegra/tegra3_actmon.o
  CC      kernel/range.o
  CC      fs/dcache.o
  CC      arch/arm/mach-tegra/tegra14_emc.o
  CC      kernel/groups.o
  CC      arch/arm/mach-tegra/tegra14_emc_relock.o
  CC      kernel/events/core.o
  CC      arch/arm/mach-tegra/tegra_emc.o
  CC      arch/arm/mach-tegra/board-dt-tegra148.o
  CC      mm/mincore.o
  CC      mm/mlock.o
  CC      fs/inode.o
  CC      fs/attr.o
  CC      arch/arm/mach-tegra/pinmux-t14-tables.o
  CC      mm/mmap.o
  CC      arch/arm/mach-tegra/hotplug.o
  CC      fs/bad_inode.o
  CC      arch/arm/mach-tegra/pmc.o
  CC      fs/file.o
  CC      fs/filesystems.o
  CC      fs/namespace.o
  CC      arch/arm/mach-tegra/flowctrl.o
  CC      arch/arm/mach-tegra/cpuidle.o
  CC      fs/seq_file.o
  CC      mm/mprotect.o
  CC      arch/arm/mach-tegra/tegra14_clocks.o
  CC      fs/xattr.o
  CC      mm/mremap.o
  CC      kernel/events/ring_buffer.o
  CC      fs/libfs.o
  CC      mm/msync.o
  CC      fs/fs-writeback.o
  CC      kernel/events/callchain.o
  CC      mm/rmap.o
  CC      kernel/events/hw_breakpoint.o
  CC      fs/pnode.o
  CC      fs/drop_caches.o
  LD      kernel/events/built-in.o
  CC      kernel/irq/irqdesc.o
  CC      kernel/irq/handle.o
  CC      mm/vmalloc.o
  CC      kernel/irq/manage.o
  CC      kernel/irq/spurious.o
  CC      fs/splice.o
  CC      kernel/irq/resend.o
  CC      arch/arm/mach-tegra/platsmp.o
  CC      kernel/irq/chip.o
  CC      kernel/irq/dummychip.o
  AS      arch/arm/mach-tegra/headsmp.o
  CC      arch/arm/mach-tegra/reset.o
  CC      kernel/irq/devres.o
  CC      kernel/irq/autoprobe.o
  CC      mm/pagewalk.o
  CC      kernel/irq/irqdomain.o
  CC      arch/arm/mach-tegra/dma.o
  CC      mm/pgtable-generic.o
  CC      fs/sync.o
  CC      mm/process_vm_access.o
  CC      kernel/irq/proc.o
  CC      mm/init-mm.o
  CC      fs/utimes.o
  CC      mm/bootmem.o
  CC      mm/memblock.o
  CC      kernel/irq/pm.o
  CC      arch/arm/mach-tegra/apbio.o
  CC      fs/stack.o
  CC      arch/arm/mach-tegra/cpu-tegra.o
  LD      kernel/irq/built-in.o
  CC      kernel/power/qos.o
  CC      fs/fs_struct.o
  CC      kernel/power/main.o
  CC      mm/bounce.o
  CC      fs/statfs.o
  CC      fs/buffer.o
  CC      kernel/power/process.o
  CC      arch/arm/mach-tegra/cpuquiet.o
  CC      mm/dmapool.o
  CC      fs/bio.o
  CC      kernel/power/suspend.o
  CC      mm/slab.o
  CC      arch/arm/mach-tegra/tegra11_soctherm.o
  CC      kernel/power/autosleep.o
  CC      kernel/power/wakelock.o
  CC      fs/block_dev.o
  CC      kernel/power/suspend_time.o
  CC      fs/direct-io.o
  CC      kernel/power/poweroff.o
  LD      kernel/power/built-in.o
  CC      kernel/sched/core.o
  LD      mm/built-in.o
  CC      arch/arm/mach-tegra/tegra3_throttle.o
  LD      ipc/built-in.o
  CC      fs/mpage.o
  CC      security/commoncap.o
  CC      arch/arm/mach-tegra/sysfs-cluster.o
  CC      arch/arm/mach-tegra/powerdetect.o
  CC      security/min_addr.o
  CC      security/security.o
  CC      security/capability.o
  CC      arch/arm/mach-tegra/tegra_cl_dvfs.o
  CC      fs/ioprio.o
  GEN     security/selinux/flask.h security/selinux/av_permissions.h
  CC      security/selinux/avc.o
  CC      fs/proc_namespace.o
  CC      security/lsm_audit.o
  CC      arch/arm/mach-tegra/board-common.o
  CC      fs/debugfs/inode.o
  CC      security/selinux/hooks.o
  CC      arch/arm/mach-tegra/tegra_wakeup_monitor.o
  CC      arch/arm/mach-tegra/mcerr.o
  CC      fs/debugfs/file.o
  CC      security/selinux/selinuxfs.o
  LD      fs/debugfs/debugfs.o
  LD      fs/debugfs/built-in.o
  CC      fs/devpts/inode.o
  CC      kernel/sched/clock.o
  CC      arch/arm/mach-tegra/mcerr-t14.o
  CC      kernel/sched/idle_task.o
  LD      fs/devpts/devpts.o
  LD      fs/devpts/built-in.o
  LD      fs/exofs/built-in.o
  CC      fs/ext2/balloc.o
  CC      arch/arm/mach-tegra/eeprom-wifi-mac.o
  CC      kernel/sched/fair.o
  CC      arch/arm/mach-tegra/board-panel.o
  CC      fs/ext2/dir.o
  CC      arch/arm/mach-tegra/board-s8515.o
  CC      arch/arm/mach-tegra/board-s8515-kbc.o
  CC      fs/ext2/file.o
  CC      security/selinux/netlink.o
  CC      arch/arm/mach-tegra/board-s8515-sdhci.o
  CC      arch/arm/mach-tegra/board-s8515-power.o
  CC      fs/ext2/ialloc.o
  CC      security/selinux/nlmsgtab.o
  CC      arch/arm/mach-tegra/board-s8515-powermon.o
  CC      arch/arm/mach-tegra/board-atlantis-power.o
  CC      fs/ext2/inode.o
  CC      security/selinux/netif.o
  CC      arch/arm/mach-tegra/board-s8515-pinmux.o
  CC      arch/arm/mach-tegra/board-s8515-sensors.o
  CC      kernel/sched/rt.o
  CC      arch/arm/mach-tegra/board-s8515-panel.o
  CC      security/selinux/netnode.o
  CC      fs/ext2/ioctl.o
  CC      arch/arm/mach-tegra/board-s8515-memory.o
  CC      arch/arm/mach-tegra/panel-l-720p-5.o
  CC      security/selinux/netport.o
  CC      fs/ext2/namei.o
  CC      arch/arm/mach-tegra/panel-j-720p-4-7.o
  CC      kernel/sched/stop_task.o
  CC      fs/ext2/super.o
  CC      fs/ext2/symlink.o
  CC      security/selinux/exports.o
  CC      kernel/sched/cpupri.o
  CC      arch/arm/mach-tegra/panel-s-1080p-5.o
  CC      security/selinux/ss/ebitmap.o
  CC      security/selinux/ss/hashtab.o
  CC      kernel/sched/stats.o
  CC      fs/ext2/xattr.o
  CC      arch/arm/mach-tegra/board-touch-synaptics-i2c.o
  CC      security/selinux/ss/symtab.o
  CC      kernel/sched/debug.o
  CC      security/selinux/ss/sidtab.o
  CC      arch/arm/mach-tegra/panel-hx8394a-720p.o
  CC      security/selinux/ss/avtab.o
  CC      fs/ext2/xattr_user.o
  CC      arch/arm/mach-tegra/panel-otm1283a-otp-720p.o
  CC      fs/ext2/xattr_trusted.o
  CC      security/selinux/ss/policydb.o
  CC      fs/ext2/acl.o
  CC      security/selinux/ss/services.o
  CC      arch/arm/mach-tegra/panel-otm1283a-720p.o
  CC      fs/ext2/xattr_security.o
  LD      kernel/sched/built-in.o
  CC      kernel/time/timekeeping.o
  CC      arch/arm/mach-tegra/tegra_bb.o
  LD      fs/ext2/ext2.o
  LD      fs/ext2/built-in.o
  CC      fs/ext3/balloc.o
  CC      kernel/time/ntp.o
  CC      security/selinux/ss/conditional.o
  CC      arch/arm/mach-tegra/tegra_bbc_power.o
  CC      security/selinux/ss/mls.o
  CC      kernel/time/clocksource.o
  CC      arch/arm/mach-tegra/tegra_bbc_proxy.o
  CC      fs/ext3/bitmap.o
  CC      kernel/time/jiffies.o
  CC      security/selinux/ss/status.o
  CC      crypto/api.o
  CC      kernel/time/timer_list.o
  CC      fs/ext3/dir.o
  LD      security/selinux/selinux.o
  CC      arch/arm/mach-tegra/tegra_bbc_thermal.o
  LD      security/selinux/built-in.o
  LD      security/built-in.o
  CC      kernel/time/timecompare.o
  CC      block/elevator.o
  CC      crypto/cipher.o
  CC      arch/arm/mach-tegra/isomgr.o
  CC      kernel/time/timeconv.o
  CC      fs/ext3/file.o
  CC      kernel/time/posix-clock.o
  CC      crypto/compress.o
  CC      fs/ext3/fsync.o
  CC      crypto/algapi.o
  CC      block/blk-core.o
  CC      kernel/time/alarmtimer.o
  CC      fs/ext3/ialloc.o
  CC      kernel/time/clockevents.o
  CC      crypto/scatterwalk.o
  CC      fs/ext3/inode.o
  CC      kernel/time/tick-common.o
  CC      crypto/proc.o
  CC      arch/arm/mach-tegra/nvdumper.o
  CC      kernel/time/tick-broadcast.o
  CC      arch/arm/mach-tegra/tegra_rtc_sysfs.o
  CC      crypto/ablkcipher.o
  CC      kernel/time/tick-oneshot.o
  LD      arch/arm/mach-tegra/built-in.o
  LD      drivers/auxdisplay/built-in.o
  CC      drivers/base/core.o
  CC      kernel/time/tick-sched.o
  CC      crypto/blkcipher.o
  CC      block/blk-tag.o
  CC      kernel/time/timer_stats.o
  CC      crypto/ahash.o
  CC      drivers/base/bus.o
  CC      fs/ext3/ioctl.o
  CC      block/blk-sysfs.o
  LD      kernel/time/built-in.o
  CC      kernel/trace/trace_selftest_dynamic.o
  CC      fs/ext3/namei.o
  CC      crypto/shash.o
  CC      drivers/base/dd.o
  CC      kernel/trace/trace_clock.o
  CC      block/blk-flush.o
  CC      kernel/trace/ftrace.o
  CC      crypto/algboss.o
  CC      drivers/base/syscore.o
  CC      block/blk-settings.o
  CC      drivers/base/driver.o
  CC      crypto/testmgr.o
  CC      drivers/base/class.o
  CC      block/blk-ioc.o
  CC      crypto/crypto_wq.o
  CC      fs/ext3/super.o
  LD      crypto/crypto_algapi.o
  CC      crypto/aead.o
  CC      drivers/base/platform.o
  CC      block/blk-map.o
  CC      kernel/trace/ring_buffer.o
  CC      block/blk-exec.o
  LD      crypto/crypto_blkcipher.o
  CC      crypto/chainiv.o
  CC      drivers/base/cpu.o
  CC      crypto/eseqiv.o
  CC      drivers/base/firmware.o
  CC      block/blk-merge.o
  LD      crypto/crypto_hash.o
  CC      crypto/pcompress.o
  CC      drivers/base/init.o
  CC      block/blk-softirq.o
  CC      drivers/base/map.o
  LD      crypto/cryptomgr.o
  CC      crypto/hmac.o
  CC      block/blk-timeout.o
  CC      drivers/base/devres.o
  CC      kernel/trace/trace.o
  CC      drivers/base/attribute_container.o
  CC      block/blk-iopoll.o
  CC      fs/ext3/symlink.o
  CC      crypto/md5.o
  CC      drivers/base/transport_class.o
  CC      fs/ext3/hash.o
  CC      crypto/sha1_generic.o
  CC      block/blk-lib.o
  CC      drivers/base/topology.o
  CC      crypto/sha256_generic.o
  CC      fs/ext3/resize.o
  CC      block/ioctl.o
  CC      drivers/base/power/sysfs.o
  CC      drivers/base/power/generic_ops.o
  CC      block/genhd.o
  CC      crypto/ecb.o
  CC      fs/ext3/ext3_jbd.o
  CC      drivers/base/power/common.o
  CC      crypto/cbc.o
  CC      fs/ext3/xattr.o
  CC      drivers/base/power/qos.o
  CC      kernel/trace/trace_output.o
  CC      crypto/des_generic.o
  CC      drivers/base/power/main.o
  CC      block/scsi_ioctl.o
  CC      fs/ext3/xattr_user.o
  CC      kernel/trace/trace_stat.o
  CC      fs/ext3/xattr_trusted.o
  CC      crypto/twofish_generic.o
  CC      block/partition-generic.o
  CC      drivers/base/power/wakeup.o
  CC      kernel/trace/trace_printk.o
  CC      fs/ext3/acl.o
  CC      crypto/twofish_common.o
  CC      block/partitions/check.o
  CC      kernel/trace/trace_sched_switch.o
  CC      fs/ext3/xattr_security.o
  CC      drivers/base/power/runtime.o
  CC      block/partitions/msdos.o
  LD      fs/ext3/ext3.o
  CC      kernel/trace/trace_functions.o
  LD      fs/ext3/built-in.o
  CC      fs/ext4/balloc.o
  CC      crypto/aes_generic.o
  CC      drivers/base/power/domain.o
  CC      kernel/trace/trace_nop.o
  CC      block/partitions/efi.o
  CC      kernel/trace/trace_functions_graph.o
  CC      fs/ext4/bitmap.o
  CC      crypto/arc4.o
  LD      block/partitions/built-in.o
  CC      block/noop-iosched.o
  CC      fs/ext4/dir.o
  CC      crypto/deflate.o
  CC      kernel/trace/blktrace.o
  CC      drivers/base/power/domain_governor.o
  CC      crypto/crc32c.o
  CC      block/deadline-iosched.o
  CC      drivers/base/power/clock_ops.o
  CC      kernel/trace/trace_events.o
  CC      crypto/authenc.o
  CC      fs/ext4/file.o
  LD      drivers/base/power/built-in.o
  CC      drivers/base/regmap/regmap.o
  CC      block/cfq-iosched.o
  CC      crypto/authencesn.o
  CC      fs/ext4/fsync.o
  CC      kernel/trace/trace_export.o
  CC      fs/ext4/ialloc.o
  CC      drivers/base/regmap/regcache.o
  CC      kernel/trace/trace_event_perf.o
  CC      crypto/rng.o
  CC      drivers/base/regmap/regcache-rbtree.o
  CC      kernel/trace/trace_events_filter.o
  CC      crypto/krng.o
  LD      block/built-in.o
  CC      sound/sound_core.o
  CC      drivers/base/regmap/regcache-lzo.o
  CC [M]  crypto/ansi_cprng.o
  LD      sound/arm/built-in.o
  LD      sound/atmel/built-in.o
  CC      sound/core/hwdep.o
  CC      fs/ext4/inode.o
  CC      drivers/base/regmap/regmap-debugfs.o
  CC      sound/core/memalloc.o
  CC [M]  crypto/tcrypt.o
  CC      drivers/base/regmap/regmap-i2c.o
  CC      kernel/trace/power-traces.o
  CC      drivers/base/regmap/regmap-spi.o
  CC      sound/core/pcm.o
  CC      drivers/base/regmap/regmap-irq.o
  LD      crypto/crypto.o
  CC      kernel/trace/rpm-traces.o
  LD      crypto/built-in.o
  CC      sound/core/pcm_native.o
  MK_FW   firmware/rmi4/PR1296077-s3202_30303034.img.gen.S
  AS      firmware/rmi4/PR1296077-s3202_30303034.img.gen.o
  LD      firmware/built-in.o
  CC      arch/arm/oprofile/../../../drivers/oprofile/oprof.o
  LD      drivers/base/regmap/built-in.o
  CC      drivers/base/dma-mapping.o
  CC      arch/arm/oprofile/../../../drivers/oprofile/cpu_buffer.o
  LD      kernel/trace/libftrace.o
  LD      kernel/trace/built-in.o
  CC      drivers/base/dma-coherent.o
  CC      kernel/freezer.o
  CC      drivers/base/dma-buf.o
  CC      arch/arm/oprofile/../../../drivers/oprofile/buffer_sync.o
  CC      fs/ext4/page-io.o
  CC      kernel/profile.o
  CC      drivers/base/firmware_class.o
  CC      arch/arm/oprofile/../../../drivers/oprofile/event_buffer.o
  CC      fs/ext4/ioctl.o
  CC      kernel/stacktrace.o
  CC      sound/core/pcm_lib.o
  CC      arch/arm/oprofile/../../../drivers/oprofile/oprofile_files.o
  CC      drivers/base/module.o
  CC      kernel/futex.o
  CC      arch/arm/oprofile/../../../drivers/oprofile/oprofilefs.o
  CC      drivers/base/soc.o
  CC      fs/ext4/namei.o
  CC      drivers/base/sync.o
  CC      arch/arm/oprofile/../../../drivers/oprofile/oprofile_stats.o
  CC      arch/arm/oprofile/../../../drivers/oprofile/timer_int.o
  CC      arch/arm/oprofile/../../../drivers/oprofile/oprofile_perf.o
  CC      sound/core/pcm_timer.o
  LD      drivers/base/built-in.o
  CC      drivers/block/loop.o
  CC      kernel/rtmutex.o
  CC      arch/arm/oprofile/common.o
  CC      sound/core/pcm_misc.o
  LD      arch/arm/oprofile/oprofile.o
  LD      arch/arm/oprofile/built-in.o
  CC      fs/ext4/super.o
  LD      drivers/bluetooth/built-in.o
  CC      kernel/smp.o
  CC      drivers/cdrom/cdrom.o
  CC      sound/core/pcm_memory.o
  LD      drivers/block/built-in.o
  CC      kernel/spinlock.o
  CC      drivers/char/mem.o
  CC      sound/core/rawmidi.o
  CC      kernel/uid16.o
  CC      drivers/char/random.o
  CC      kernel/module.o
  LD      drivers/cdrom/built-in.o
  CC      drivers/clk/clkdev.o
  LD      drivers/clk/built-in.o
  CC      drivers/clocksource/mmio.o
  CC      drivers/char/misc.o
  CC      sound/core/timer.o
  LD      drivers/clocksource/built-in.o
  CC      drivers/cpufreq/cpufreq.o
  LD      drivers/char/built-in.o
  CC      drivers/cpuidle/cpuidle.o
  CC      drivers/cpuidle/driver.o
  CC      sound/core/sound.o
  CC      drivers/cpuidle/governor.o
  CC      drivers/cpuidle/sysfs.o
  CC      drivers/cpufreq/cpufreq_stats.o
  CC      kernel/kallsyms.o
  CC      sound/core/init.o
  CC      drivers/cpuidle/governors/ladder.o
  CC      drivers/cpufreq/cpufreq_performance.o
  CC      drivers/cpuidle/governors/menu.o
  CC      drivers/cpufreq/cpufreq_userspace.o
  CC      sound/core/memory.o
  CC      kernel/cgroup.o
  LD      drivers/cpuidle/governors/built-in.o
  LD      drivers/cpuidle/built-in.o
  CC      drivers/cpufreq/cpufreq_ondemand.o
  CC      sound/core/info.o
  CC      drivers/cpufreq/cpufreq_conservative.o
  CC      drivers/cpufreq/cpufreq_interactive.o
  CC      sound/core/control.o
  CC      fs/ext4/symlink.o
  CC      drivers/cpufreq/freq_table.o
  CC      fs/ext4/hash.o
  CC      sound/core/misc.o
  CC      sound/core/device.o
  CC      fs/ext4/resize.o
  CC      sound/core/vmaster.o
  CC      sound/core/ctljack.o
  LD      drivers/cpufreq/built-in.o
  CC      drivers/cpuquiet/cpuquiet.o
  CC      sound/core/jack.o
  CC      drivers/cpuquiet/driver.o
  CC      drivers/crypto/tegra-se.o
  CC      drivers/cpuquiet/sysfs.o
  LD      sound/core/snd.o
  LD      sound/core/snd-hwdep.o
  LD      sound/core/snd-timer.o
  CC      kernel/cgroup_freezer.o
  LD      sound/core/snd-pcm.o
  LD      sound/core/snd-page-alloc.o
  LD      sound/core/snd-rawmidi.o
  LD      sound/core/built-in.o
  LD      sound/drivers/mpu401/built-in.o
  CC      drivers/cpuquiet/cpuquiet_attribute.o
  LD      sound/drivers/opl3/built-in.o
  LD      sound/drivers/opl4/built-in.o
  CC      drivers/cpuquiet/governor.o
  LD      sound/drivers/pcsp/built-in.o
  GZIP    kernel/config_data.gz
  LD      sound/drivers/vx/built-in.o
  CC      kernel/res_counter.o
  LD      sound/drivers/built-in.o
  LD      sound/firewire/built-in.o
  LD      sound/i2c/other/built-in.o
  LD      sound/i2c/built-in.o
  LD      sound/isa/ad1816a/built-in.o
  CC      drivers/cpuquiet/governors/userspace.o
  LD      sound/isa/ad1848/built-in.o
  LD      sound/isa/cs423x/built-in.o
  CC      fs/ext4/extents.o
  LD      sound/isa/es1688/built-in.o
  LD      sound/isa/galaxy/built-in.o
  LD      sound/isa/gus/built-in.o
  CC      drivers/cpuquiet/governors/balanced.o
  LD      sound/isa/msnd/built-in.o
  LD      sound/isa/opti9xx/built-in.o
  CC      kernel/stop_machine.o
  LD      sound/isa/sb/built-in.o
  LD      sound/isa/wavefront/built-in.o
  LD      sound/isa/wss/built-in.o
  LD      sound/isa/built-in.o
  LD      sound/mips/built-in.o
  CC      drivers/cpuquiet/governors/runnable_threads.o
  LD      sound/parisc/built-in.o
  LD      sound/pci/ac97/built-in.o
  CC      kernel/audit.o
  LD      sound/pci/ali5451/built-in.o
  LD      sound/pci/asihpi/built-in.o
  LD      sound/pci/au88x0/built-in.o
  LD      sound/pci/aw2/built-in.o
  LD      sound/pci/ca0106/built-in.o
  LD      drivers/cpuquiet/governors/built-in.o
  LD      sound/pci/cs46xx/built-in.o
  LD      drivers/cpuquiet/built-in.o
  CC      kernel/auditfilter.o
  LD      sound/pci/cs5535audio/built-in.o
  LD      sound/pci/ctxfi/built-in.o
  LD      sound/pci/echoaudio/built-in.o
  LD      sound/pci/emu10k1/built-in.o
  CC      sound/pci/hda/patch_analog.o
  LD      drivers/crypto/built-in.o
  CC      drivers/devfreq/devfreq.o
  LD      drivers/devfreq/built-in.o
  CC      drivers/edp/edp.o
  CC      net/socket.o
  CC      kernel/auditsc.o
  CC      drivers/edp/edp_bestfit.o
  CC      sound/pci/hda/patch_ca0110.o
  CC      drivers/edp/edp_debug.o
  CC      fs/ext4/ext4_jbd2.o
  LD      net/802/built-in.o
  CC      net/bluetooth/af_bluetooth.o
  CC      drivers/edp/edp_fair.o
  CC      sound/pci/hda/patch_ca0132.o
  CC      fs/ext4/migrate.o
  CC      drivers/edp/edp_overage.o
  CC      kernel/audit_watch.o
  CC      drivers/edp/edp_priority.o
  CC      net/bluetooth/hci_core.o
  CC      fs/ext4/mballoc.o
  CC      sound/pci/hda/patch_cirrus.o
  CC      drivers/edp/edp_temporal.o
  CC      kernel/audit_tree.o
  CC      drivers/edp/edp_sysfs.o
  CC      drivers/edp/psy_depletion.o
  CC      sound/pci/hda/patch_cmedia.o
  CC      kernel/hung_task.o
  CC      drivers/edp/tegra_core.o
  CC      kernel/watchdog.o
  CC      sound/pci/hda/patch_conexant.o
  LD      drivers/edp/built-in.o
  CC      drivers/extcon/extcon_class.o
  CC      kernel/rcutree.o
  CC      net/bluetooth/hci_conn.o
  CC      drivers/extcon/extcon-palmas.o
  LD      drivers/extcon/built-in.o
  LD      drivers/firewire/built-in.o
  CC      net/bluetooth/hci_event.o
  LD      drivers/firmware/built-in.o
  CC      fs/ext4/block_validity.o
  CC      drivers/gpio/gpiolib.o
  CC      sound/pci/hda/patch_hdmi.o
  CC      kernel/utsname_sysctl.o
  CC      fs/ext4/move_extent.o
  CC      kernel/tracepoint.o
  CC      sound/pci/hda/hda_eld.o
  CC      kernel/elfcore.o
  CC      kernel/irq_work.o
  CC      drivers/gpio/devres.o
  CC      kernel/cpu_pm.o
  CC      fs/ext4/mmp.o
  CC      drivers/gpio/gpio-palmas.o
  CC      sound/pci/hda/patch_sigmatel.o
  CC      kernel/time.o
  CC      drivers/gpio/gpio-max77660.o
  CC      fs/ext4/indirect.o
  CHK     kernel/config_data.h
  UPD     kernel/config_data.h
  CC      kernel/configs.o
  LD      kernel/built-in.o
  CC      drivers/gpio/gpio-tegra.o
  LD      arch/arm/lib/built-in.o
  AS      arch/arm/lib/ashldi3.o
  AS      arch/arm/lib/ashrdi3.o
  AS      arch/arm/lib/backtrace.o
  AS      arch/arm/lib/call_with_stack.o
  CC      fs/ext4/xattr.o
  AS      arch/arm/lib/changebit.o
  AS      arch/arm/lib/clear_user.o
  LD      drivers/gpio/built-in.o
  AS      arch/arm/lib/clearbit.o
  LD      drivers/gpu/drm/i2c/built-in.o
  LD      drivers/gpu/drm/built-in.o
  AS      arch/arm/lib/copy_from_user.o
  LD      drivers/gpu/ion/built-in.o
  AS      arch/arm/lib/copy_page.o
  LD      drivers/gpu/stub/built-in.o
  CC      drivers/gpu/vga/vgaarb.o
  AS      arch/arm/lib/copy_to_user.o
  AS      arch/arm/lib/csumipv6.o
  CC      net/bluetooth/mgmt.o
  AS      arch/arm/lib/csumpartial.o
  AS      arch/arm/lib/csumpartialcopy.o
  AS      arch/arm/lib/csumpartialcopyuser.o
  AS      arch/arm/lib/div64.o
  AS      arch/arm/lib/findbit.o
  CC      sound/pci/hda/patch_realtek.o
  AS      arch/arm/lib/getuser.o
  AS      arch/arm/lib/io-readsb.o
  CC      fs/ext4/xattr_user.o
  AS      arch/arm/lib/io-readsl.o
  AS      arch/arm/lib/io-readsw-armv4.o
  LD      drivers/gpu/vga/built-in.o
  LD      drivers/gpu/built-in.o
  AS      arch/arm/lib/io-writesb.o
  CC      drivers/hid/hid-lg.o
  AS      arch/arm/lib/io-writesl.o
  CC      fs/ext4/xattr_trusted.o
  AS      arch/arm/lib/io-writesw-armv4.o
  AS      arch/arm/lib/lib1funcs.o
  AS      arch/arm/lib/lshrdi3.o
  CC      drivers/hid/hid-lgff.o
  CC      fs/ext4/acl.o
  AS      arch/arm/lib/memchr.o
  AS      arch/arm/lib/memcpy.o
  AS      arch/arm/lib/memmove.o
  AS      arch/arm/lib/memset.o
  AS      arch/arm/lib/memzero.o
  CC      drivers/hid/hid-lg2ff.o
  AS      arch/arm/lib/muldi3.o
  AS      arch/arm/lib/putuser.o
  AS      arch/arm/lib/setbit.o
  CC      fs/ext4/xattr_security.o
  AS      arch/arm/lib/strchr.o
  AS      arch/arm/lib/strncpy_from_user.o
  AS      arch/arm/lib/strnlen_user.o
  CC      drivers/hid/hid-lg3ff.o
  AS      arch/arm/lib/strrchr.o
  AS      arch/arm/lib/testchangebit.o
  CC      net/bluetooth/hci_sock.o
  AS      arch/arm/lib/testclearbit.o
  AS      arch/arm/lib/testsetbit.o
  AS      arch/arm/lib/ucmpdi2.o
  LD      fs/ext4/ext4.o
  CC      drivers/hid/hid-lg4ff.o
  AR      arch/arm/lib/lib.a
  LD      fs/ext4/built-in.o
  CC      sound/pci/hda/patch_si3054.o
  CC      fs/fat/cache.o
  CC      fs/fat/dir.o
  CC      drivers/hid/hid-debug.o
  CC      net/bluetooth/hci_sysfs.o
  CC      net/bluetooth/l2cap_core.o
  CC      sound/pci/hda/patch_via.o
  CC      net/bluetooth/l2cap_sock.o
  CC      drivers/hid/hid-core.o
  CC      fs/fat/fatent.o
  CC      net/bluetooth/smp.o
  CC      fs/fat/file.o
  CC      drivers/hid/hid-input.o
  CC      net/bluetooth/sco.o
  CC      fs/fat/inode.o
  CC      sound/pci/hda/hda_codec.o
  CC      net/bluetooth/lib.o
  CC      fs/fat/misc.o
  CC      drivers/hid/uhid.o
  CC      net/bluetooth/hidp/core.o
  CC      fs/fat/namei_vfat.o
  LD      net/bluetooth/bluetooth.o
  CC      drivers/hid/hid-a4tech.o
  CC      drivers/hid/hid-axff.o
  CC      drivers/hid/hid-apple.o
  CC      drivers/hid/hid-belkin.o
  LD      fs/fat/fat.o
  CC      net/bluetooth/hidp/sock.o
  LD      fs/fat/vfat.o
  LD      fs/fat/built-in.o
  CC      fs/fuse/dev.o
  CC      sound/pci/hda/hda_jack.o
  CC      drivers/hid/hid-cherry.o
  CC      sound/pci/hda/hda_generic.o
  LD      net/bluetooth/hidp/hidp.o
  LD      net/bluetooth/hidp/built-in.o
  CC      drivers/hid/hid-chicony.o
  LD      net/bluetooth/built-in.o
  CC      sound/pci/hda/hda_proc.o
  CC      net/core/sock.o
  CC      drivers/hid/hid-cypress.o
  CC      drivers/hid/hid-dr.o
  CC      net/core/request_sock.o
  CC      sound/pci/hda/hda_intel.o
  CC      fs/fuse/dir.o
  CC      drivers/hid/hid-emsff.o
  CC      fs/fuse/file.o
  CC      drivers/hid/hid-elecom.o
  CC      net/core/skbuff.o
  CC      fs/fuse/inode.o
  CC      drivers/hid/hid-ezkey.o
  CC      drivers/hid/hid-gyration.o
  CC      drivers/hid/hid-holtekff.o
  LD      sound/pci/hda/snd-hda-codec.o
  LD      sound/pci/hda/snd-hda-codec-realtek.o
  LD      sound/pci/hda/snd-hda-codec-cmedia.o
  LD      sound/pci/hda/snd-hda-codec-analog.o
  LD      sound/pci/hda/snd-hda-codec-idt.o
  LD      sound/pci/hda/snd-hda-codec-si3054.o
  CC      fs/fuse/control.o
  LD      sound/pci/hda/snd-hda-codec-cirrus.o
  LD      sound/pci/hda/snd-hda-codec-ca0110.o
  LD      sound/pci/hda/snd-hda-codec-ca0132.o
  CC      drivers/hid/hid-kensington.o
  LD      sound/pci/hda/snd-hda-codec-conexant.o
  LD      sound/pci/hda/snd-hda-codec-via.o
  LD      sound/pci/hda/snd-hda-codec-hdmi.o
  LD      sound/pci/hda/snd-hda-intel.o
  CC      net/core/iovec.o
lt-in.o
  LD      sound/pci/ice1712/built-in.o
  CC      drivers/hid/hid-keytouch.o
  LD      sound/pci/korg1212/built-in.o
  LD      sound/pci/lola/built-in.o
  LD      fs/fuse/fuse.o
  LD      fs/fuse/built-in.o
built-in.o
  LD      sound/pci/mixart/built-in.o
  CC      fs/jbd/transaction.o
  LD      sound/pci/nm256/built-in.o
  CC      drivers/hid/hid-kye.o
  LD      sound/pci/oxygen/built-in.o
  LD      sound/pci/pcxhr/built-in.o
  LD      sound/pci/riptide/built-in.o
  LD      sound/pci/rme9652/built-in.o
  CC      lib/bcd.o
  LD      sound/pci/trident/built-in.o
  CC      lib/div64.o
  LD      sound/pci/vx222/built-in.o
  LD      sound/pci/ymfpci/built-in.o
  LD      sound/pci/built-in.o
  CC      drivers/hid/hid-lcpower.o
  CC      lib/sort.o
  CC      lib/parser.o
  LD      drivers/hid/hid-logitech.o
  CC      drivers/hid/hid-logitech-dj.o
  LD      sound/pcmcia/pdaudiocf/built-in.o
  CC      net/core/datagram.o
  LD      sound/pcmcia/vx/built-in.o
  LD      sound/pcmcia/built-in.o
  CC      lib/halfmd4.o
  LD      sound/ppc/built-in.o
  LD      sound/sh/built-in.o
  CC      lib/debug_locks.o
  CC      sound/soc/soc-core.o
  CC      lib/random32.o
  CC      fs/jbd/commit.o
  CC      lib/bust_spinlocks.o
  CC      drivers/hid/hid-magicmouse.o
  CC      lib/hexdump.o
  CC      net/core/stream.o
  CC      lib/kasprintf.o
  CC      drivers/hid/hid-microsoft.o
  CC      lib/bitmap.o
  CC      fs/jbd/recovery.o
  CC      net/core/scm.o
  CC      drivers/hid/hid-monterey.o
  CC      lib/scatterlist.o
  CC      drivers/hid/hid-multitouch.o
  CC      fs/jbd/checkpoint.o
  CC      lib/string_helpers.o
  CC      net/core/gen_stats.o
  CC      lib/gcd.o
  CC      drivers/hid/hid-ntrig.o
  CC      lib/lcm.o
  CC      lib/list_sort.o
  CC      net/core/gen_estimator.o
  CC      fs/jbd/revoke.o
  CC      lib/uuid.o
  CC      sound/soc/soc-dapm.o
  CC      lib/flex_array.o
  CC      drivers/hid/hid-ortek.o
  CC      net/core/net_namespace.o
  CC      fs/jbd/journal.o
  CC      lib/bsearch.o
  CC      drivers/hid/hid-prodikeys.o
  CC      lib/find_last_bit.o
  CC      lib/find_next_bit.o
  CC      lib/llist.o
  CC      net/core/secure_seq.o
  CC      lib/kstrtox.o
  CC      net/core/flow_dissector.o
  CC      drivers/hid/hid-pl.o
  CC      lib/pci_iomap.o
  CC      drivers/hid/hid-petalynx.o
  CC      lib/iomap_copy.o
  CC      net/core/sysctl_net_core.o
  CC      lib/devres.o
  CC      sound/soc/soc-jack.o
  CC      drivers/hid/hid-picolcd.o
  CC      net/core/dev.o
  LD      fs/jbd/jbd.o
  CC      lib/hweight.o
  LD      fs/jbd/built-in.o
  CC      fs/jbd2/transaction.o
  CC      lib/bitrev.o
  CC      sound/soc/soc-cache.o
  CC      lib/crc-ccitt.o
  CC      lib/crc16.o
  CC      sound/soc/soc-utils.o
  HOSTCC  lib/gen_crc32table
  CC      fs/jbd2/commit.o
  CC      lib/libcrc32c.o
  CC      drivers/hid/hid-primax.o
  CC      sound/soc/soc-pcm.o
  CC      lib/lzo/lzo1x_compress.o
  CC      drivers/hid/hid-roccat.o
  CC      lib/lzo/lzo1x_decompress.o
  CC      sound/soc/soc-io.o
  CC      drivers/hid/hid-roccat-common.o
  LD      lib/lzo/lzo_compress.o
  LD      lib/lzo/lzo_decompress.o
  LD      lib/lzo/built-in.o
  CC      lib/reed_solomon/reed_solomon.o
  CC      fs/jbd2/recovery.o
  LD      sound/soc/atmel/built-in.o
  LD      sound/soc/au1x/built-in.o
  CC      drivers/hid/hid-roccat-arvo.o
  LD      sound/soc/blackfin/built-in.o
  CC      sound/soc/codecs/dmic.o
  CC      drivers/hid/hid-roccat-isku.o
  LD      lib/reed_solomon/built-in.o
  CC      lib/zlib_deflate/deflate.o
  CC      fs/jbd2/checkpoint.o
  CC      sound/soc/codecs/max97236.o
  CC      drivers/hid/hid-roccat-kone.o
  CC      lib/zlib_deflate/deftree.o
  CC      fs/jbd2/revoke.o
  CC      net/core/ethtool.o
  CC      drivers/hid/hid-roccat-koneplus.o
  CC      sound/soc/codecs/max98090.o
  CC      fs/jbd2/journal.o
  CC      lib/zlib_deflate/deflate_syms.o
  CC      drivers/hid/hid-roccat-kovaplus.o
  LD      lib/zlib_deflate/zlib_deflate.o
  LD      lib/zlib_deflate/built-in.o
  CC      lib/zlib_inflate/inffast.o
  CC      net/core/dev_addr_lists.o
  CC      lib/zlib_inflate/inflate.o
  CC      sound/soc/codecs/spdif_transciever.o
  CC      drivers/hid/hid-roccat-pyra.o
  CC      net/core/dst.o
  CC      sound/soc/codecs/aic3xxx/aic3xxx_cfw_ops.o
  CC      drivers/hid/hid-saitek.o
  CC      lib/zlib_inflate/infutil.o
  LD      fs/jbd2/jbd2.o
  LD      fs/jbd2/built-in.o
  CC      fs/lockd/clntlock.o
  CC      net/core/netevent.o
  CC      drivers/hid/hid-samsung.o
  CC      lib/zlib_inflate/inftrees.o
  CC      net/core/neighbour.o
  CC      lib/zlib_inflate/inflate_syms.o
  CC      drivers/hid/hid-sjoy.o
  CC      fs/lockd/clntproc.o
  CC      sound/soc/codecs/tlv320aic325x.o
  LD      lib/zlib_inflate/zlib_inflate.o
  LD      lib/zlib_inflate/built-in.o
  CC      lib/textsearch.o
  CC      drivers/hid/hid-sony.o
  CC      lib/ts_kmp.o
  CC      lib/ts_bm.o
  CC      drivers/hid/hid-speedlink.o
  CC      fs/lockd/clntxdr.o
  LD      sound/soc/codecs/snd-soc-dmic.o
  LD      sound/soc/codecs/snd-soc-max98090.o
  LD      sound/soc/codecs/snd-soc-spdif.o
  LD      sound/soc/codecs/snd-soc-tlv320aic-cfw-ops.o
  CC      lib/ts_fsm.o
  LD      sound/soc/codecs/snd-soc-tlv320aic325x.o
  LD      sound/soc/codecs/snd-soc-max97236.o
  LD      sound/soc/codecs/built-in.o
  LD      sound/soc/davinci/built-in.o
  LD      sound/soc/ep93xx/built-in.o
  CC      drivers/hid/hid-sunplus.o
  LD      sound/soc/fsl/built-in.o
  LD      sound/soc/imx/built-in.o
  LD      sound/soc/jz4740/built-in.o
  LD      sound/soc/kirkwood/built-in.o
  LD      sound/soc/mid-x86/built-in.o
  LD      sound/soc/mxs/built-in.o
  LD      sound/soc/nuc900/built-in.o
  CC      lib/percpu_counter.o
  LD      sound/soc/omap/built-in.o
  CC      drivers/hid/hid-gaff.o
  LD      sound/soc/pxa/built-in.o
  CC      fs/lockd/host.o
  LD      sound/soc/s6000/built-in.o
  LD      sound/soc/samsung/built-in.o
  LD      sound/soc/sh/built-in.o
  CC      lib/audit.o
  CC      sound/soc/tegra/tegra_aic325x.o
  CC      drivers/hid/hid-tmff.o
  CC      lib/dynamic_debug.o
  CC      net/core/rtnetlink.o
  CC      fs/lockd/svc.o
  CC      drivers/hid/hid-tivo.o
  CC      drivers/hid/hid-topseed.o
  CC      sound/soc/tegra/tegra_dmic_rev1.o
  CC      lib/nlattr.o
  CC      drivers/hid/hid-twinhan.o
  CC      fs/lockd/svclock.o
  CC      drivers/hid/hid-uclogic.o
  CC      sound/soc/tegra/tegra_dmic.o
  CC      lib/average.o
  CC      drivers/hid/hid-zpff.o
  CC      lib/cpu_rmap.o
  CC      fs/lockd/svcshare.o
  CC      drivers/hid/hid-zydacron.o
  CC      net/core/utils.o
  CC      sound/soc/tegra/tegra_max98090.o
  CC      lib/dynamic_queue_limits.o
  CC      drivers/hid/hid-wacom.o
  CC      lib/argv_split.o
  CC      fs/lockd/svcproc.o
  CC      lib/bug.o
  CC      net/core/link_watch.o
  CC      drivers/hid/hid-waltop.o
  CC      lib/cmdline.o
  CC      drivers/hid/usbhid/hid-core.o
  CC      sound/soc/tegra/tegra_pcm.o
  CC      lib/cpumask.o
  CC      net/core/filter.o
  CC      lib/ctype.o
  CC      lib/dec_and_lock.o
  CC      fs/lockd/svcsubs.o
  CC      lib/decompress.o
  CC      lib/decompress_inflate.o
  CC      sound/soc/tegra/tegra_tdm_pcm.o
  CC      lib/dump_stack.o
  CC      net/core/sock_diag.o
  CC      lib/extable.o
  CC      fs/lockd/mon.o
  CC      sound/soc/tegra/tegra_asoc_utils.o
  CC      lib/idr.o
  CC      drivers/hid/usbhid/hid-quirks.o
  CC      net/core/flow.o
  LD      drivers/hid/usbhid/usbhid.o
  LD      drivers/hid/usbhid/built-in.o
  LD      drivers/hid/hid.o
  LD      drivers/hid/built-in.o
  LD      drivers/hsi/clients/built-in.o
  LD      drivers/hsi/built-in.o
  CC      sound/soc/tegra/tegra30_ahub.o
  CC      fs/lockd/xdr.o
  CC      drivers/hwmon/hwmon.o
  CC      lib/int_sqrt.o
  CC      lib/ioremap.o
  LD      drivers/hwmon/built-in.o
  CC      net/core/net-sysfs.o
  CC      drivers/i2c/i2c-boardinfo.o
  CC      fs/lockd/grace.o
  CC      lib/irq_regs.o
  CC      lib/is_single_threaded.o
  CC      drivers/i2c/i2c-core.o
  CC      sound/soc/tegra/tegra30_dam.o
  LD      fs/lockd/lockd.o
  CC      lib/klist.o
  LD      fs/lockd/built-in.o
  CC      fs/nfs/client.o
  CC      lib/kobject.o
  CC      net/core/fib_rules.o
  CC      sound/soc/tegra/tegra30_i2s.o
  CC      drivers/i2c/i2c-dev.o
  CC      lib/kobject_uevent.o
  CC      fs/nfs/dir.o
  CC      net/core/net-traces.o
  CC      drivers/i2c/i2c-mux.o
  CC      lib/md5.o
  CC      drivers/i2c/algos/i2c-algo-bit.o
  CC      lib/plist.o
  LD      sound/soc/tegra/snd-soc-tegra-pcm.o
  CC      lib/prio_heap.o
  LD      sound/soc/tegra/snd-soc-tegra-utils.o
  LD      sound/soc/tegra/snd-soc-tegra-tdm-pcm.o
  LD      sound/soc/tegra/snd-soc-tegra30-ahub.o
  LD      sound/soc/tegra/snd-soc-tegra30-dam.o
  LD      sound/soc/tegra/snd-soc-tegra30-i2s.o
  LD      sound/soc/tegra/snd-soc-tegra-dmic.o
  CC      lib/prio_tree.o
  LD      sound/soc/tegra/snd-soc-tegra-aic325x.o
  LD      sound/soc/tegra/snd-soc-tegra-max98090.o
  LD      sound/soc/tegra/snd-soc-tegra-dmic-rev1.o
  CC      drivers/i2c/algos/i2c-algo-busclear.o
  LD      sound/soc/tegra/built-in.o
  LD      sound/soc/txx9/built-in.o
  LD      sound/soc/snd-soc-core.o
  LD      net/core/built-in.o
  LD      drivers/i2c/algos/built-in.o
  CC      drivers/i2c/busses/i2c-tegra.o
  CC      net/ethernet/eth.o
  LD      sound/soc/built-in.o
  CC      fs/nfs/file.o
  LD      sound/sparc/built-in.o
  CC      lib/proportions.o
  LD      sound/spi/built-in.o
  LD      sound/synth/built-in.o
  CC      sound/usb/card.o
  CC      lib/radix-tree.o
  LD      net/ethernet/built-in.o
  CC      net/ipv4/route.o
  CC      fs/nfs/getroot.o
  LD      drivers/i2c/busses/built-in.o
  CC      drivers/i2c/muxes/pca954x.o
  CC      lib/ratelimit.o
  CC      sound/usb/clock.o
  CC      fs/nfs/inode.o
  CC      lib/rbtree.o
  LD      drivers/i2c/muxes/built-in.o
  LD      drivers/i2c/built-in.o
  LD      drivers/idle/built-in.o
  LD      drivers/ieee802154/built-in.o
  CC      lib/reciprocal_div.o
  CC      drivers/input/input.o
  CC      sound/usb/endpoint.o
  CC      lib/rwsem-spinlock.o
  CC      lib/sha1.o
  CC      sound/usb/format.o
  CC      net/ipv4/inetpeer.o
  CC      lib/show_mem.o
  CC      fs/nfs/super.o
  CC      drivers/input/input-compat.o
  CC      lib/string.o
  CC      sound/usb/helper.o
  CC      drivers/input/input-mt.o
  CC      net/ipv4/protocol.o
  CC      sound/usb/mixer.o
  CC      drivers/input/ff-core.o
  CC      lib/timerqueue.o
  CC      lib/vsprintf.o
  CC      drivers/input/ff-memless.o
  CC      net/ipv4/ip_input.o
  CC      fs/nfs/nfs2xdr.o
  CC      drivers/input/joydev.o
  CC      sound/usb/mixer_quirks.o
  CC      net/ipv4/ip_fragment.o
  CC      fs/nfs/direct.o
  GEN     lib/crc32table.h
  AR      lib/lib.a
  CC      lib/crc32.o
  CC      drivers/input/evdev.o
  CC      sound/usb/pcm.o
  LD      lib/built-in.o
  CC      net/ipv4/ip_forward.o
  LD      fs/nfs_common/built-in.o
  CC      fs/nls/nls_base.o
  CC      fs/nfs/pagelist.o
  CC      fs/nls/nls_cp437.o
  CC      sound/usb/proc.o
  CC      fs/nls/nls_iso8859-1.o
  CC      net/ipv4/ip_options.o
  CC      drivers/input/joystick/xpad.o
  CC      fs/nls/nls_utf8.o
  CC      fs/nfs/proc.o
  CC      sound/usb/quirks.o
  LD      fs/nls/built-in.o
  CC      sound/usb/stream.o
  CC      sound/usb/midi.o
  CC      net/ipv4/ip_output.o
  LD      drivers/input/joystick/built-in.o
  CC      drivers/input/keyboard/gpio_keys.o
  CC      drivers/input/keyboard/tegra-kbc.o
  CC      fs/nfs/read.o
  CC      net/ipv4/ip_sockglue.o
  LD      drivers/input/keyboard/built-in.o
  CC      drivers/input/misc/gpio_event.o
  CC      fs/nfs/symlink.o
  LD      sound/usb/6fire/built-in.o
  LD      sound/usb/caiaq/built-in.o
  LD      sound/usb/misc/built-in.o
  CC      drivers/input/misc/gpio_matrix.o
  LD      sound/usb/usx2y/built-in.o
  CC      net/ipv4/inet_hashtables.o
  LD      sound/usb/snd-usb-audio.o
  LD      sound/usb/snd-usbmidi-lib.o
  CC      fs/nfs/unlink.o
  LD      sound/usb/built-in.o
  CC      sound/last.o
  CC      fs/nfs/write.o
  CC      drivers/input/misc/gpio_input.o
  LD      sound/soundcore.o
  LD      sound/built-in.o
  CC      fs/nfs/namespace.o
  CC      net/ipv4/inet_timewait_sock.o
  CC      net/ipv4/inet_connection_sock.o
  CC      drivers/input/misc/gpio_output.o
  CC      drivers/input/misc/gpio_axis.o
  CC      fs/nfs/mount_clnt.o
  CC      fs/nfs/dns_resolve.o
  CC      net/ipv4/tcp.o
  CC      drivers/input/misc/max77660_haptic.o
  CC      net/ipv4/tcp_input.o
  CC      fs/nfs/cache_lib.o
  CC      drivers/input/misc/uinput.o
  CC      fs/nfs/nfsroot.o
  CC      fs/nfs/sysctl.o
  CC      net/ipv4/tcp_output.o
  CC      drivers/input/misc/drv2603-vibrator.o
  LD      fs/nfs/nfs.o
  LD      fs/nfs/built-in.o
  CC      fs/notify/fsnotify.o
  LD      drivers/input/misc/compass/built-in.o
  LD      drivers/input/misc/mpu/built-in.o
  LD      drivers/input/misc/pressure/built-in.o
  CC      drivers/input/misc/bma222e.o
  CC      fs/notify/notification.o
  CC      fs/notify/group.o
  CC      net/ipv4/tcp_timer.o
  CC      drivers/input/misc/apds993x.o
  CC      fs/notify/inode_mark.o
  CC      fs/notify/mark.o
  LD      drivers/input/misc/built-in.o
  CC      drivers/input/touchscreen/rm31080a_ts.o
  CC      net/ipv4/tcp_ipv4.o
  CC      net/ipv4/tcp_minisocks.o
  CC      fs/notify/vfsmount_mark.o
  CC      net/ipv4/tcp_cong.o
  LD      fs/notify/dnotify/built-in.o
  LD      fs/notify/fanotify/built-in.o
  CC      fs/notify/inotify/inotify_fsnotify.o
  CC      net/ipv4/datagram.o
  CC      drivers/input/touchscreen/rm31080a_ctrl.o
  CC      net/ipv4/raw.o
  CC      fs/notify/inotify/inotify_user.o
  CC      drivers/input/touchscreen/synaptics_dsx_i2c.o
  CC      net/ipv4/udp.o
  CC      net/ipv4/udplite.o
  LD      fs/notify/inotify/built-in.o
  LD      fs/notify/built-in.o
  CC      fs/ntfs/aops.o
  CC      net/ipv4/arp.o
  CC      net/ipv4/icmp.o
  CC      fs/ntfs/attrib.o
  CC      drivers/input/touchscreen/synaptics_dsx_rmi_dev.o
  CC      net/ipv4/devinet.o
  CC      net/ipv4/af_inet.o
  CC      drivers/input/touchscreen/synaptics_dsx_fw_update.o
  CC      fs/ntfs/collate.o
  CC      fs/ntfs/compress.o
  CC      net/ipv4/igmp.o
  CC      net/ipv4/fib_frontend.o
  LD      drivers/input/touchscreen/built-in.o
  CC      drivers/input/keyreset.o
  CC      net/ipv6/af_inet6.o
  CC      fs/ntfs/debug.o
  CC      drivers/input/of_keymap.o
  CC      fs/ntfs/dir.o
  CC      net/ipv4/fib_semantics.o
  CC      net/ipv4/fib_trie.o
  CC      drivers/input/input-cfboost.o
  CC      net/ipv6/anycast.o
  CC      fs/ntfs/file.o
  LD      drivers/input/input-core.o
  LD      drivers/input/built-in.o
  CC      drivers/iommu/iommu.o
  CC      net/ipv4/inet_fragment.o
  CC      net/ipv6/ip6_output.o
  CC      fs/ntfs/index.o
  CC      drivers/iommu/of_iommu.o
  CC      drivers/iommu/tegra-smmu.o
  CC      net/ipv4/ping.o
  CC      net/ipv4/sysctl_net_ipv4.o
  CC      fs/ntfs/inode.o
  CC      fs/ntfs/mft.o
  CC      net/ipv4/sysfs_net_ipv4.o
  CC      fs/ntfs/mst.o
  CC      fs/ntfs/namei.o
  LD      drivers/iommu/built-in.o
  CC      drivers/leds/led-core.o
  CC      net/ipv4/proc.o
  CC      net/ipv6/ip6_input.o
  CC      net/ipv4/fib_rules.o
  CC      drivers/leds/led-class.o
  CC      fs/ntfs/runlist.o
  CC      drivers/leds/led-triggers.o
  CC      net/ipv4/esp4.o
  CC      net/ipv4/tunnel4.o
  CC      drivers/leds/leds-max77660.o
  CC      net/ipv6/addrconf.o
  CC      net/ipv6/addrlabel.o
  CC      fs/ntfs/super.o
  CC      net/ipv4/xfrm4_mode_transport.o
  CC      drivers/leds/ledtrig-timer.o
  CC      net/ipv6/route.o
  LD      drivers/leds/built-in.o
  CC      net/ipv4/ipconfig.o
  LD      drivers/lguest/built-in.o
  LD      drivers/macintosh/built-in.o
  CC      drivers/md/dm-uevent.o
  CC      drivers/md/dm.o
  CC      fs/ntfs/sysctl.o
  CC      fs/ntfs/unistr.o
  CC      net/ipv4/netfilter.o
  CC      fs/ntfs/upcase.o
  CC      drivers/md/dm-table.o
  CC      net/ipv4/netfilter/nf_nat_rule.o
  CC      net/ipv6/ip6_fib.o
  LD      fs/ntfs/ntfs.o
  LD      fs/ntfs/built-in.o
  CC      fs/proc/mmu.o
  CC      net/ipv4/netfilter/nf_nat_standalone.o
  CC      net/ipv4/tcp_cubic.o
  CC      fs/proc/task_mmu.o
  CC      net/ipv4/netfilter/nf_conntrack_l3proto_ipv4_compat.o
  CC      net/ipv6/ipv6_sockglue.o
  CC      drivers/md/dm-target.o
  CC      drivers/md/dm-linear.o
  CC      drivers/md/dm-stripe.o
  CC      fs/proc/inode.o
  CC      net/ipv4/netfilter/nf_conntrack_l3proto_ipv4.o
  CC      drivers/md/dm-ioctl.o
  CC      fs/proc/root.o
  CC      drivers/md/dm-io.o
  CC      net/ipv4/netfilter/nf_conntrack_proto_icmp.o
  CC      net/ipv6/ndisc.o
  CC      fs/proc/base.o
  CC      drivers/md/dm-kcopyd.o
  CC      net/ipv4/netfilter/nf_nat_core.o
  CC      drivers/md/dm-sysfs.o
  CC      drivers/md/dm-crypt.o
  CC      net/ipv4/netfilter/nf_nat_helper.o
  CC      net/ipv6/udp.o
  CC      net/ipv4/netfilter/nf_nat_proto_unknown.o
  CC      fs/proc/generic.o
  LD      drivers/md/dm-mod.o
  CC      net/ipv4/netfilter/nf_nat_proto_common.o
  LD      drivers/md/built-in.o
  LD      drivers/media/common/tuners/built-in.o
  CC [M]  drivers/media/common/tuners/xc4000.o
  CC      fs/proc/array.o
  CC      net/ipv4/netfilter/nf_nat_proto_tcp.o
  CC      net/ipv4/netfilter/nf_nat_proto_udp.o
  CC      net/ipv4/netfilter/nf_nat_proto_icmp.o
  CC      fs/proc/proc_tty.o
  CC [M]  drivers/media/common/tuners/mt2063.o
  CC      net/ipv6/udplite.o
  CC      net/ipv4/netfilter/nf_defrag_ipv4.o
  CC      fs/proc/cmdline.o
  CC      net/ipv4/netfilter/nf_nat_amanda.o
  CC      fs/proc/consoles.o
  CC      net/ipv6/raw.o
  CC      fs/proc/cpuinfo.o
  CC      net/ipv4/netfilter/nf_nat_ftp.o
  CC      fs/proc/devices.o
  CC      net/ipv4/netfilter/nf_nat_h323.o
  CC [M]  drivers/media/common/tuners/tda18218.o
  CC      fs/proc/interrupts.o
  CC      fs/proc/loadavg.o
  CC      fs/proc/meminfo.o
  CC [M]  drivers/media/common/tuners/tda18212.o
  CC      net/ipv6/protocol.o
  CC      net/ipv4/netfilter/nf_nat_irc.o
  LD      drivers/media/radio/built-in.o
  LD      drivers/media/common/built-in.o
  CC      drivers/media/video/v4l2-dev.o
  CC      drivers/media/rc/keymaps/rc-adstech-dvb-t-pci.o
  CC      fs/proc/stat.o
  CC      net/ipv6/icmp.o
  CC      drivers/media/rc/keymaps/rc-alink-dtu-m.o
  CC      net/ipv4/netfilter/nf_nat_pptp.o
  CC      fs/proc/uptime.o
  CC      drivers/media/rc/keymaps/rc-anysee.o
  CC      drivers/media/video/v4l2-ioctl.o
  CC      fs/proc/version.o
  CC      drivers/media/rc/keymaps/rc-apac-viewcomp.o
  CC      fs/proc/softirqs.o
  CC      net/ipv4/netfilter/nf_nat_sip.o
  CC      drivers/media/rc/keymaps/rc-asus-pc39.o
  CC      fs/proc/namespaces.o
  CC      net/ipv6/mcast.o
  CC      drivers/media/rc/keymaps/rc-ati-tv-wonder-hd-600.o
  CC      drivers/media/rc/keymaps/rc-ati-x10.o
  CC      fs/proc/proc_sysctl.o
  CC      drivers/media/rc/keymaps/rc-avermedia-a16d.o
  CC      net/ipv4/netfilter/nf_nat_tftp.o
  CC      drivers/media/rc/keymaps/rc-avermedia.o
  CC      net/ipv4/netfilter/nf_nat_proto_dccp.o
  CC      drivers/media/rc/keymaps/rc-avermedia-cardbus.o
  CC      fs/proc/proc_net.o
  CC      drivers/media/rc/keymaps/rc-avermedia-dvbt.o
  CC      net/ipv4/netfilter/nf_nat_proto_gre.o
  CC      drivers/media/video/v4l2-device.o
  CC      drivers/media/rc/keymaps/rc-avermedia-m135a.o
  CC      net/ipv6/reassembly.o
  CC      fs/proc/proc_devtree.o
  CC      drivers/media/rc/keymaps/rc-avermedia-m733a-rm-k6.o
  CC      drivers/media/video/v4l2-fh.o
  CC      net/ipv4/netfilter/nf_nat_proto_udplite.o
  CC      drivers/media/rc/keymaps/rc-avermedia-rm-ks.o
  CC      fs/proc/kmsg.o
  CC      drivers/media/video/v4l2-event.o
  CC      drivers/media/rc/keymaps/rc-avertv-303.o
  CC      fs/proc/page.o
  CC      net/ipv4/netfilter/nf_nat_proto_sctp.o
  CC      drivers/media/rc/keymaps/rc-azurewave-ad-tu700.o
  CC      drivers/media/video/v4l2-ctrls.o
  CC      drivers/media/rc/keymaps/rc-behold.o
  CC      net/ipv6/tcp_ipv6.o
  LD      fs/proc/proc.o
  LD      fs/proc/built-in.o
  CC      drivers/media/rc/keymaps/rc-behold-columbus.o
  LD      fs/quota/built-in.o
  CC      fs/ramfs/inode.o
  CC      drivers/media/rc/keymaps/rc-budget-ci-old.o
  CC      fs/ramfs/file-mmu.o
  CC      net/ipv4/netfilter/ip_tables.o
  CC      drivers/media/rc/keymaps/rc-cinergy-1400.o
  LD      fs/ramfs/ramfs.o
  CC      drivers/media/video/v4l2-subdev.o
  LD      fs/ramfs/built-in.o
  CC      fs/sysfs/inode.o
  CC      drivers/media/rc/keymaps/rc-cinergy.o
  CC      drivers/media/video/v4l2-int-device.o
  CC      drivers/media/rc/keymaps/rc-dib0700-nec.o
  CC      net/ipv6/ping.o
  CC      drivers/media/video/v4l2-common.o
  CC      fs/sysfs/file.o
  CC      drivers/media/rc/keymaps/rc-dib0700-rc5.o
  CC      net/ipv4/netfilter/iptable_filter.o
  CC      drivers/media/rc/keymaps/rc-digitalnow-tinytwin.o
  CC      drivers/media/video/ov5648.o
  CC      net/ipv6/exthdrs.o
  CC      drivers/media/rc/keymaps/rc-digittrade.o
  CC      fs/sysfs/dir.o
  CC      drivers/media/rc/keymaps/rc-dm1105-nec.o
  CC      net/ipv4/netfilter/iptable_mangle.o
  CC      drivers/media/rc/keymaps/rc-dntv-live-dvb-t.o
  CC      drivers/media/video/ov5648_otp.o
  CC      fs/sysfs/symlink.o
  LD      net/ipv4/netfilter/iptable_nat.o
  CC      net/ipv4/netfilter/iptable_raw.o
  CC      drivers/media/rc/keymaps/rc-dntv-live-dvbt-pro.o
  CC      net/ipv6/datagram.o
  CC      drivers/media/video/videobuf2-core.o
  CC      fs/sysfs/mount.o
  CC      drivers/media/rc/keymaps/rc-em-terratec.o
  CC      net/ipv4/netfilter/ipt_ah.o
  CC      fs/sysfs/bin.o
  CC      drivers/media/rc/keymaps/rc-encore-enltv2.o
  CC      net/ipv4/netfilter/ipt_MASQUERADE.o
  CC      drivers/media/rc/keymaps/rc-encore-enltv.o
  CC      fs/sysfs/group.o
  CC      net/ipv6/ip6_flowlabel.o
  CC      drivers/media/rc/keymaps/rc-encore-enltv-fm53.o
  LD      fs/sysfs/built-in.o
  CC      fs/eventpoll.o
  CC      net/ipv4/netfilter/ipt_NETMAP.o
  CC      drivers/media/rc/keymaps/rc-evga-indtube.o
  CC      drivers/media/video/videobuf2-memops.o
  CC      drivers/media/rc/keymaps/rc-eztv.o
  CC      net/ipv4/netfilter/ipt_REDIRECT.o
  CC      drivers/media/rc/keymaps/rc-flydvb.o
  CC      drivers/media/video/videobuf2-vmalloc.o
  CC      net/ipv6/inet6_connection_sock.o
  CC      drivers/media/rc/keymaps/rc-flyvideo.o
  LD      drivers/media/video/davinci/built-in.o
  CC      fs/anon_inodes.o
  LD      drivers/media/video/gspca/built-in.o
  CC      net/ipv4/netfilter/ipt_REJECT.o
  CC [M]  drivers/media/video/gspca/gspca.o
  CC      drivers/media/rc/keymaps/rc-fusionhdtv-mce.o
  CC      fs/signalfd.o
  CC      drivers/media/rc/keymaps/rc-gadmei-rm008z.o
  CC      net/ipv6/sysctl_net_ipv6.o
  CC      drivers/media/rc/keymaps/rc-genius-tvgo-a11mce.o
  CC      fs/timerfd.o
  CC      net/ipv4/netfilter/arp_tables.o
  CC      drivers/media/rc/keymaps/rc-gotview7135.o
  CC      net/ipv6/xfrm6_policy.o
  CC      drivers/media/rc/keymaps/rc-imon-mce.o
  CC      fs/eventfd.o
  CC      drivers/media/rc/keymaps/rc-imon-pad.o
  CC      drivers/media/rc/keymaps/rc-iodata-bctv7e.o
  CC      net/ipv6/xfrm6_state.o
  LD [M]  drivers/media/video/gspca/gspca_main.o
  CC      drivers/media/video/tegra/avp/tegra_rpc.o
  CC      drivers/media/rc/keymaps/rc-it913x-v1.o
  CC      fs/aio.o
  CC      net/ipv4/netfilter/arpt_mangle.o
  CC      drivers/media/rc/keymaps/rc-it913x-v2.o
  CC      drivers/media/video/tegra/avp/trpc_local.o
  CC      net/ipv6/xfrm6_input.o
  CC      drivers/media/rc/keymaps/rc-kaiomy.o
  CC      net/ipv4/netfilter/arptable_filter.o
  CC      drivers/media/rc/keymaps/rc-kworld-315u.o
  CC      drivers/media/video/tegra/avp/trpc_sema.o
  CC      drivers/media/rc/keymaps/rc-kworld-pc150u.o
  CC      net/ipv6/xfrm6_output.o
  LD      net/ipv4/netfilter/nf_conntrack_ipv4.o
  LD      net/ipv4/netfilter/nf_nat.o
  LD      net/ipv4/netfilter/built-in.o
  CC      fs/locks.o
  CC      drivers/media/rc/keymaps/rc-kworld-plus-tv-analog.o
  CC      net/ipv4/xfrm4_policy.o
  LD      drivers/media/video/tegra/avp/built-in.o
  CC      drivers/media/video/tegra/cam_dev/dev_access.o
  CC      drivers/media/rc/keymaps/rc-leadtek-y04g0051.o
  CC      drivers/media/rc/keymaps/rc-lirc.o
  CC      net/ipv6/netfilter.o
  CC      drivers/media/rc/keymaps/rc-lme2510.o
  CC      net/ipv4/xfrm4_state.o
  CC      drivers/media/video/tegra/cam_dev/debugfs.o
  CC      drivers/media/rc/keymaps/rc-manli.o
  CC      net/ipv6/fib6_rules.o
  CC      drivers/media/video/tegra/cam_dev/virtual.o
  CC      drivers/media/rc/keymaps/rc-medion-x10.o
  CC      fs/binfmt_script.o
  CC      net/ipv4/xfrm4_input.o
  CC      drivers/media/rc/keymaps/rc-msi-digivox-ii.o
  CC      drivers/media/video/tegra/cam_dev/edp.o
  CC      drivers/media/rc/keymaps/rc-msi-digivox-iii.o
  CC      net/ipv6/proc.o
  CC      fs/binfmt_elf.o
  CC      net/ipv4/xfrm4_output.o
  CC      drivers/media/rc/keymaps/rc-msi-tvanywhere.o
  LD      drivers/media/video/tegra/cam_dev/built-in.o
  CC      drivers/media/video/tegra/nvavp/nvavp_dev.o
  LD      net/ipv4/built-in.o
  CC      drivers/media/rc/keymaps/rc-msi-tvanywhere-plus.o
  CC      net/key/af_key.o
  CC      net/ipv6/ah6.o
  CC      fs/mbcache.o
  CC      drivers/media/rc/keymaps/rc-nebula.o
  CC      net/ipv6/esp6.o
  CC      drivers/media/rc/keymaps/rc-nec-terratec-cinergy-xs.o
  CC      fs/posix_acl.o
  CC      drivers/media/rc/keymaps/rc-norwood.o
  LD      drivers/media/video/tegra/nvavp/built-in.o
  CC      drivers/media/video/tegra/tegra_dtv.o
  CC      drivers/media/rc/keymaps/rc-npgtech.o
  CC      fs/xattr_acl.o
  CC      fs/dcookies.o
  CC      drivers/media/rc/keymaps/rc-pctv-sedna.o
  CC      net/ipv6/ipcomp6.o
  CC      drivers/media/rc/keymaps/rc-pinnacle-color.o
  CC      drivers/media/video/tegra/nvc_utilities.o
  CC      drivers/media/video/tegra/ar0833.o
  LD      fs/built-in.o
  CC      drivers/media/rc/keymaps/rc-pinnacle-grey.o
  CC      net/ipv6/xfrm6_tunnel.o
  CC      drivers/media/rc/keymaps/rc-pinnacle-pctv-hd.o
  LD      net/key/built-in.o
  CC      drivers/media/rc/keymaps/rc-pixelview.o
  LD      net/mac80211/built-in.o
  CC [M]  net/mac80211/main.o
  CC [M]  net/mac80211/status.o
  CC      drivers/media/rc/keymaps/rc-pixelview-mk12.o
  CC      net/ipv6/tunnel6.o
  CC      drivers/media/rc/keymaps/rc-pixelview-002t.o
  CC      drivers/media/video/tegra/ssl3250a.o
  CC      drivers/media/rc/keymaps/rc-pixelview-new.o
  CC [M]  net/mac80211/sta_info.o
  CC [M]  net/mac80211/wep.o
  CC      net/ipv6/xfrm6_mode_transport.o
  CC      drivers/media/rc/keymaps/rc-powercolor-real-angel.o
  CC      drivers/media/video/tegra/tps61050.o
  CC      drivers/media/video/tegra/max77665-flash.o
  CC      drivers/media/rc/keymaps/rc-proteus-2309.o
  CC      net/ipv6/xfrm6_mode_tunnel.o
  CC      drivers/media/rc/keymaps/rc-purpletv.o
  CC      drivers/media/rc/keymaps/rc-pv951.o
  CC      net/ipv6/xfrm6_mode_beet.o
  CC      drivers/media/video/tegra/max77387.o
  CC      drivers/media/rc/keymaps/rc-hauppauge.o
  CC [M]  net/mac80211/wpa.o
  CC      drivers/media/video/tegra/lm3565.o
  CC      drivers/media/rc/keymaps/rc-rc6-mce.o
  CC      net/ipv6/mip6.o
  CC      drivers/media/rc/keymaps/rc-real-audio-220-32-keys.o
  CC      drivers/media/rc/keymaps/rc-snapstream-firefly.o
  CC      drivers/media/rc/keymaps/rc-streamzap.o
  CC [M]  net/mac80211/scan.o
  CC      drivers/media/video/tegra/dw9718.o
  CC      net/ipv6/netfilter/ip6_tables.o
  CC      drivers/media/rc/keymaps/rc-tbs-nec.o
  CC      drivers/media/video/tegra/ad5816.o
  CC      drivers/media/rc/keymaps/rc-technisat-usb2.o
  CC      drivers/media/rc/keymaps/rc-terratec-cinergy-xs.o
  CC      drivers/media/rc/keymaps/rc-terratec-slim.o
  CC      drivers/media/video/tegra/nvc_debugfs.o
  CC      drivers/media/video/tegra/ad5823.o
  CC      drivers/media/rc/keymaps/rc-terratec-slim-2.o
  CC [M]  net/mac80211/offchannel.o
  CC      net/ipv6/netfilter/ip6table_filter.o
  CC      drivers/media/rc/keymaps/rc-tevii-nec.o
  CC      drivers/media/video/tegra/camera.o
  CC      drivers/media/video/tegra/imx179.o
  CC      drivers/media/rc/keymaps/rc-tivo.o
  CC      net/ipv6/netfilter/ip6table_mangle.o
  CC      drivers/media/rc/keymaps/rc-total-media-in-hand.o
  CC [M]  net/mac80211/ht.o
  CC      drivers/media/rc/keymaps/rc-trekstor.o
  CC      drivers/media/video/tegra/imx179_otp.o
  CC      drivers/media/rc/keymaps/rc-tt-1500.o
  CC      net/ipv6/netfilter/ip6table_raw.o
  CC [M]  net/mac80211/agg-tx.o
  CC      drivers/media/rc/keymaps/rc-twinhan1027.o
  CC      drivers/media/video/tegra/dw9714a.o
  CC [M]  net/mac80211/agg-rx.o
  CC      net/ipv6/netfilter/nf_conntrack_l3proto_ipv6.o
  CC      net/ipv6/netfilter/nf_conntrack_proto_icmpv6.o
  CC      drivers/media/rc/keymaps/rc-videomate-m1f.o
  CC      drivers/media/rc/keymaps/rc-videomate-s350.o
  CC      net/ipv6/netfilter/nf_defrag_ipv6_hooks.o
  CC      net/ipv6/netfilter/nf_conntrack_reasm.o
  CC      drivers/media/rc/keymaps/rc-videomate-tv-pvr.o
  CC [M]  net/mac80211/ibss.o
  CC      net/ipv6/netfilter/ip6t_REJECT.o
  CC      drivers/media/rc/keymaps/rc-winfast.o
  CC      drivers/media/rc/keymaps/rc-winfast-usbii-deluxe.o
  CC [M]  net/mac80211/work.o
  CC [M]  net/mac80211/iface.o
  LD      drivers/media/rc/keymaps/built-in.o
  CC      drivers/media/rc/rc-main.o
  LD      net/ipv6/netfilter/nf_conntrack_ipv6.o
  LD      net/ipv6/netfilter/nf_defrag_ipv6.o
  LD      net/ipv6/netfilter/built-in.o
  CC      net/ipv6/sit.o
  CC [M]  net/mac80211/rate.o
  CC [M]  net/mac80211/michael.o
  CC [M]  net/mac80211/tkip.o
  CC      drivers/media/rc/ir-raw.o
  CC [M]  net/mac80211/aes_ccm.o
  CC      net/ipv6/ip6_tunnel.o
  CC [M]  net/mac80211/aes_cmac.o
  CC      drivers/media/rc/lirc_dev.o
  CC [M]  net/mac80211/cfg.o
  CC [M]  net/mac80211/rx.o
  CC [M]  net/mac80211/spectmgmt.o
  CC      drivers/media/rc/ir-nec-decoder.o
  CC [M]  net/mac80211/tx.o
  CC      net/ipv6/addrconf_core.o
  CC      drivers/media/rc/ir-rc5-decoder.o
  CC      drivers/media/rc/ir-rc6-decoder.o
  CC      net/ipv6/exthdrs_core.o
  CC      net/ipv6/inet6_hashtables.o
  CC      drivers/media/rc/ir-jvc-decoder.o
  CC      drivers/media/rc/ir-sony-decoder.o
  CC [M]  net/mac80211/key.o
  LD      net/ipv6/ipv6.o
  CC [M]  net/mac80211/util.o
  LD      net/ipv6/built-in.o
  CC [M]  net/mac80211/wme.o
  CC      drivers/media/rc/ir-rc5-sz-decoder.o
  CC      drivers/media/rc/ir-sanyo-decoder.o
  CC      drivers/media/rc/ir-mce_kbd-decoder.o
  CC [M]  net/mac80211/event.o
  CC      drivers/media/rc/ir-lirc-codec.o
  CC [M]  net/mac80211/chan.o
  CC [M]  net/mac80211/driver-trace.o
  LD      drivers/media/rc/rc-core.o
  CC      drivers/mfd/tlv320aic3256-core.o
  LD      drivers/media/rc/built-in.o
  CC      drivers/mfd/tlv320aic3256-irq.o
  CC [M]  net/mac80211/mlme.o
  CC [M]  net/mac80211/pm.o
  CC      drivers/mfd/tlv320aic3256-i2c.o
  CC      drivers/mfd/mfd-core.o
  CC      drivers/mfd/max8831.o
  CC      drivers/mfd/max77665.o
  CC      drivers/mfd/palmas.o
  CC      drivers/mfd/max77660-core.o
  CC [M]  net/mac80211/rc80211_minstrel.o
  CC      net/netfilter/core.o
  LD      drivers/mfd/built-in.o
  CC      net/netfilter/nf_log.o
  CC [M]  net/mac80211/rc80211_minstrel_ht.o
  CC      net/netfilter/nf_queue.o
  CC      net/netlink/af_netlink.o
  CC      net/netfilter/nf_sockopt.o
  CC      net/netfilter/nf_conntrack_core.o
  CC      net/packet/af_packet.o
  CC      net/netfilter/nf_conntrack_standalone.o
  CC      net/netfilter/nf_conntrack_expect.o
  CC      net/netlink/genetlink.o
  CC      net/netfilter/nf_conntrack_helper.o
  LD [M]  net/mac80211/mac80211.o
  LD      net/packet/built-in.o
  CC      net/rfkill/core.o
  CC      net/sched/sch_generic.o
  CC      net/sunrpc/clnt.o
  CC      net/netfilter/nf_conntrack_proto.o
  LD      net/netlink/built-in.o
  CC      net/unix/af_unix.o
  CC      net/netfilter/nf_conntrack_l3proto_generic.o
  CC      net/rfkill/rfkill-gpio.o
  LD      net/rfkill/rfkill.o
  LD      net/rfkill/built-in.o
  CC      net/wireless/core.o
  CC      net/sched/sch_mq.o
  CC      net/netfilter/nf_conntrack_proto_generic.o
  CC      net/sunrpc/xprt.o
  CC      net/netfilter/nf_conntrack_proto_tcp.o
  CC      net/sched/sch_api.o
  CC      net/wireless/sysfs.o
  CC      net/unix/garbage.o
  CC      net/sunrpc/socklib.o
  CC      net/wireless/radiotap.o
  CC      net/netfilter/nf_conntrack_proto_udp.o
  CC      net/unix/sysctl_net_unix.o
  CC      net/sunrpc/xprtsock.o
  CC      net/sched/sch_blackhole.o
  CC      net/wireless/util.o
  CC      net/netfilter/nf_conntrack_extend.o
  LD      net/unix/unix.o
  LD      net/unix/built-in.o
  CC      net/xfrm/xfrm_policy.o
  CC      net/sched/cls_api.o
  CC      net/netfilter/nf_conntrack_acct.o
  CC      net/wireless/reg.o
  CC      net/sched/act_api.o
  CC      net/sunrpc/sched.o
  CC      net/netfilter/nf_conntrack_ecache.o
  CC      net/netfilter/nf_conntrack_h323_main.o
  CC      net/sched/act_police.o
  CC      net/wireless/scan.o
  CC      net/xfrm/xfrm_state.o
  CC      net/sunrpc/auth.o
  CC      net/sched/act_gact.o
  CC      net/sunrpc/auth_null.o
  CC      net/sched/act_mirred.o
  CC      net/netfilter/nf_conntrack_h323_asn1.o
  CC      net/wireless/nl80211.o
  CC      net/sunrpc/auth_unix.o
  CC      net/netfilter/nfnetlink.o
  CC      net/sched/sch_fifo.o
  CC      net/xfrm/xfrm_hash.o
  CC      net/sunrpc/auth_generic.o
  CC      net/xfrm/xfrm_input.o
  CC      net/sched/sch_htb.o
  CC      net/netfilter/nfnetlink_queue.o
  CC      net/sunrpc/svc.o
  CC      net/xfrm/xfrm_output.o
  CC      net/netfilter/nfnetlink_log.o
  CC      net/sched/sch_ingress.o
  CC      net/sunrpc/svcsock.o
  CC      net/xfrm/xfrm_algo.o
  LD      net/netfilter/nf_conntrack.o
  CC      net/netfilter/nf_conntrack_proto_dccp.o
  CC      net/xfrm/xfrm_sysctl.o
  CC      net/sched/cls_u32.o
  CC      net/xfrm/xfrm_replay.o
  CC      net/netfilter/nf_conntrack_proto_gre.o
  CC      net/sunrpc/svcauth.o
  CC      net/sched/ematch.o
  CC      net/sunrpc/svcauth_unix.o
  CC      net/netfilter/nf_conntrack_proto_sctp.o
  CC      net/xfrm/xfrm_ipcomp.o
  CC      net/sched/em_u32.o
  CC      net/wireless/mlme.o
  CC      net/netfilter/nf_conntrack_proto_udplite.o
  CC      net/sunrpc/addr.o
  LD      net/sched/built-in.o
  CC      net/sysctl_net.o
  CC      net/netfilter/nf_conntrack_amanda.o
  LD      net/xfrm/built-in.o
  CC      net/activity_stats.o
  CC      net/wireless/ibss.o
  CC      net/sunrpc/rpcb_clnt.o
  CC      net/sunrpc/timer.o
  CC      net/netfilter/nf_conntrack_ftp.o
  LD      net/netfilter/nf_conntrack_h323.o
  CC      net/netfilter/nf_conntrack_irc.o
  CC      net/sunrpc/xdr.o
  CC      net/wireless/sme.o
  CC      net/wireless/chan.o
  CC      net/netfilter/nf_conntrack_broadcast.o
  CC      net/netfilter/nf_conntrack_netbios_ns.o
  CC      net/sunrpc/sunrpc_syms.o
  CC      net/wireless/ethtool.o
  CC      net/wireless/mesh.o
  CC      net/netfilter/nf_conntrack_pptp.o
  CC      net/sunrpc/cache.o
  CC      net/wireless/wext-compat.o
  CC      net/wireless/wext-sme.o
  CC      net/wireless/wext-core.o
  CC      net/netfilter/nf_conntrack_sane.o
  CC      net/wireless/wext-proc.o
  CC [M]  net/wireless/lib80211.o
  LD      net/wireless/cfg80211.o
  CC      net/netfilter/nf_conntrack_sip.o
  CC      net/netfilter/nf_conntrack_tftp.o
  LD      net/wireless/built-in.o
  CC      net/netfilter/nf_tproxy_core.o
  CC      net/netfilter/x_tables.o
  CC      net/sunrpc/rpc_pipe.o
  CC      net/netfilter/xt_tcpudp.o
  CC      net/netfilter/xt_mark.o
  CC      net/netfilter/xt_connmark.o
  CC      net/netfilter/xt_CLASSIFY.o
  CC      net/netfilter/xt_NFQUEUE.o
  CC      net/sunrpc/svc_xprt.o
  CC      net/netfilter/xt_comment.o
  CC      net/netfilter/xt_connbytes.o
  CC      net/netfilter/xt_connlimit.o
  CC      net/sunrpc/stats.o
  CC      net/netfilter/xt_conntrack.o
  CC      net/netfilter/xt_ecn.o
  CC      net/sunrpc/sysctl.o
  CC      net/netfilter/xt_hashlimit.o
  CC      net/netfilter/xt_helper.o
  CC      net/netfilter/xt_hl.o
  LD      net/sunrpc/sunrpc.o
  CC      net/netfilter/xt_iprange.o
  LD      net/sunrpc/built-in.o
  CC      net/netfilter/xt_length.o
  CC      net/netfilter/xt_limit.o
  CC      net/netfilter/xt_mac.o
  CC      net/netfilter/xt_pkttype.o
  CC      net/netfilter/xt_policy.o
  CC      net/netfilter/xt_qtaguid_print.o
  CC      net/netfilter/xt_qtaguid.o
  CC      net/netfilter/xt_quota2.o
  CC      net/netfilter/xt_socket.o
  CC      net/netfilter/xt_state.o
  CC      net/netfilter/xt_statistic.o
  CC      net/netfilter/xt_string.o
  CC      net/netfilter/xt_time.o
  CC      net/netfilter/xt_u32.o
  LD      net/netfilter/netfilter.o
  LD      net/netfilter/built-in.o
  LD      net/built-in.o
